<?xml version="1.0" encoding="UTF-8"?>
<testng-results skipped="1" failed="0" ignored="0" total="1" passed="0">
  <reporter-output>
  </reporter-output>
  <suite name="Default suite" duration-ms="55761" started-at="2020-07-24T08:43:15Z" finished-at="2020-07-24T08:44:11Z">
    <groups>
    </groups>
    <test name="Default test" duration-ms="55761" started-at="2020-07-24T08:43:15Z" finished-at="2020-07-24T08:44:11Z">
      <class name="WM.WMTest">
        <test-method status="FAIL" signature="setUp()[pri:0, instance:WM.WMTest@6767c1fc]" name="setUp" is-config="true" duration-ms="0" started-at="2020-07-24T14:13:15Z" finished-at="2020-07-24T14:13:15Z">
          <exception class="org.openqa.selenium.SessionNotCreatedException">
            <message>
              <![CDATA[session not created: This version of ChromeDriver only supports Chrome version 85
Build info: version: '3.141.5', revision: 'd54ebd709a', time: '2018-11-06T11:42:16'
System info: host: 'LAPTOP-068F4HI7', ip: '192.168.43.168', os.name: 'Windows 10', os.arch: 'amd64', os.version: '10.0', java.version: '1.8.0_241'
Driver info: driver.version: ChromeDriver
remote stacktrace: Backtrace:
	Ordinal0 [0x00BCC933+3131699]
	Ordinal0 [0x00AB9EC1+2006721]
	Ordinal0 [0x0095AE28+568872]
	Ordinal0 [0x008E13BF+70591]
	Ordinal0 [0x008DCC83+52355]
	Ordinal0 [0x00900E2C+200236]
	Ordinal0 [0x00900C4D+199757]
	Ordinal0 [0x008FEB3B+191291]
	Ordinal0 [0x008E2E97+77463]
	Ordinal0 [0x008E3E5E+81502]
	Ordinal0 [0x008E3DE9+81385]
	Ordinal0 [0x00AD0A79+2099833]
	GetHandleVerifier [0x00D3AC3A+1396666]
	GetHandleVerifier [0x00D3A8B9+1395769]
	GetHandleVerifier [0x00D46536+1444022]
	GetHandleVerifier [0x00D3B1C8+1398088]
	Ordinal0 [0x00AC7D41+2063681]
	Ordinal0 [0x00AD208B+2105483]
	Ordinal0 [0x00AD21B1+2105777]
	Ordinal0 [0x00AE4754+2180948]
	BaseThreadInitThunk [0x766A0419+25]
	RtlGetAppContainerNamedObjectPath [0x772066DD+237]
	RtlGetAppContainerNamedObjectPath [0x772066AD+189]
]]>
            </message>
            <full-stacktrace>
              <![CDATA[org.openqa.selenium.SessionNotCreatedException: session not created: This version of ChromeDriver only supports Chrome version 85
Build info: version: '3.141.5', revision: 'd54ebd709a', time: '2018-11-06T11:42:16'
System info: host: 'LAPTOP-068F4HI7', ip: '192.168.43.168', os.name: 'Windows 10', os.arch: 'amd64', os.version: '10.0', java.version: '1.8.0_241'
Driver info: driver.version: ChromeDriver
remote stacktrace: Backtrace:
	Ordinal0 [0x00BCC933+3131699]
	Ordinal0 [0x00AB9EC1+2006721]
	Ordinal0 [0x0095AE28+568872]
	Ordinal0 [0x008E13BF+70591]
	Ordinal0 [0x008DCC83+52355]
	Ordinal0 [0x00900E2C+200236]
	Ordinal0 [0x00900C4D+199757]
	Ordinal0 [0x008FEB3B+191291]
	Ordinal0 [0x008E2E97+77463]
	Ordinal0 [0x008E3E5E+81502]
	Ordinal0 [0x008E3DE9+81385]
	Ordinal0 [0x00AD0A79+2099833]
	GetHandleVerifier [0x00D3AC3A+1396666]
	GetHandleVerifier [0x00D3A8B9+1395769]
	GetHandleVerifier [0x00D46536+1444022]
	GetHandleVerifier [0x00D3B1C8+1398088]
	Ordinal0 [0x00AC7D41+2063681]
	Ordinal0 [0x00AD208B+2105483]
	Ordinal0 [0x00AD21B1+2105777]
	Ordinal0 [0x00AE4754+2180948]
	BaseThreadInitThunk [0x766A0419+25]
	RtlGetAppContainerNamedObjectPath [0x772066DD+237]
	RtlGetAppContainerNamedObjectPath [0x772066AD+189]

	at sun.reflect.NativeConstructorAccessorImpl.newInstance0(Native Method)
	at sun.reflect.NativeConstructorAccessorImpl.newInstance(Unknown Source)
	at sun.reflect.DelegatingConstructorAccessorImpl.newInstance(Unknown Source)
	at java.lang.reflect.Constructor.newInstance(Unknown Source)
	at org.openqa.selenium.remote.W3CHandshakeResponse.lambda$errorHandler$0(W3CHandshakeResponse.java:62)
	at org.openqa.selenium.remote.HandshakeResponse.lambda$getResponseFunction$0(HandshakeResponse.java:30)
	at org.openqa.selenium.remote.ProtocolHandshake.lambda$createSession$0(ProtocolHandshake.java:123)
	at java.util.stream.ReferencePipeline$3$1.accept(Unknown Source)
	at java.util.Spliterators$ArraySpliterator.tryAdvance(Unknown Source)
	at java.util.stream.ReferencePipeline.forEachWithCancel(Unknown Source)
	at java.util.stream.AbstractPipeline.copyIntoWithCancel(Unknown Source)
	at java.util.stream.AbstractPipeline.copyInto(Unknown Source)
	at java.util.stream.AbstractPipeline.wrapAndCopyInto(Unknown Source)
	at java.util.stream.FindOps$FindOp.evaluateSequential(Unknown Source)
	at java.util.stream.AbstractPipeline.evaluate(Unknown Source)
	at java.util.stream.ReferencePipeline.findFirst(Unknown Source)
	at org.openqa.selenium.remote.ProtocolHandshake.createSession(ProtocolHandshake.java:125)
	at org.openqa.selenium.remote.ProtocolHandshake.createSession(ProtocolHandshake.java:74)
	at org.openqa.selenium.remote.HttpCommandExecutor.execute(HttpCommandExecutor.java:136)
	at org.openqa.selenium.remote.service.DriverCommandExecutor.execute(DriverCommandExecutor.java:83)
	at org.openqa.selenium.remote.RemoteWebDriver.execute(RemoteWebDriver.java:552)
	at org.openqa.selenium.remote.RemoteWebDriver.startSession(RemoteWebDriver.java:213)
	at org.openqa.selenium.remote.RemoteWebDriver.<init>(RemoteWebDriver.java:131)
	at org.openqa.selenium.chrome.ChromeDriver.<init>(ChromeDriver.java:181)
	at org.openqa.selenium.chrome.ChromeDriver.<init>(ChromeDriver.java:168)
	at org.openqa.selenium.chrome.ChromeDriver.<init>(ChromeDriver.java:123)
	at WM.WMTest.setUp(WMTest.java:27)
	at sun.reflect.NativeMethodAccessorImpl.invoke0(Native Method)
	at sun.reflect.NativeMethodAccessorImpl.invoke(Unknown Source)
	at sun.reflect.DelegatingMethodAccessorImpl.invoke(Unknown Source)
	at java.lang.reflect.Method.invoke(Unknown Source)
	at org.testng.internal.MethodInvocationHelper.invokeMethod(MethodInvocationHelper.java:104)
	at org.testng.internal.Invoker.invokeConfigurationMethod(Invoker.java:515)
	at org.testng.internal.Invoker.invokeConfigurations(Invoker.java:217)
	at org.testng.internal.Invoker.invokeMethod(Invoker.java:590)
	at org.testng.internal.Invoker.invokeTestMethod(Invoker.java:851)
	at org.testng.internal.Invoker.invokeTestMethods(Invoker.java:1177)
	at org.testng.internal.TestMethodWorker.invokeTestMethods(TestMethodWorker.java:129)
	at org.testng.internal.TestMethodWorker.run(TestMethodWorker.java:112)
	at org.testng.TestRunner.privateRun(TestRunner.java:756)
	at org.testng.TestRunner.run(TestRunner.java:610)
	at org.testng.SuiteRunner.runTest(SuiteRunner.java:387)
	at org.testng.SuiteRunner.runSequentially(SuiteRunner.java:382)
	at org.testng.SuiteRunner.privateRun(SuiteRunner.java:340)
	at org.testng.SuiteRunner.run(SuiteRunner.java:289)
	at org.testng.SuiteRunnerWorker.runSuite(SuiteRunnerWorker.java:52)
	at org.testng.SuiteRunnerWorker.run(SuiteRunnerWorker.java:86)
	at org.testng.TestNG.runSuitesSequentially(TestNG.java:1293)
	at org.testng.TestNG.runSuitesLocally(TestNG.java:1218)
	at org.testng.TestNG.runSuites(TestNG.java:1133)
	at org.testng.TestNG.run(TestNG.java:1104)
	at org.testng.remote.AbstractRemoteTestNG.run(AbstractRemoteTestNG.java:132)
	at org.testng.remote.RemoteTestNG.initAndRun(RemoteTestNG.java:236)
	at org.testng.remote.RemoteTestNG.main(RemoteTestNG.java:81)
]]>
            </full-stacktrace>
          </exception> <!-- org.openqa.selenium.SessionNotCreatedException -->
          <reporter-output>
          </reporter-output>
        </test-method> <!-- setUp -->
        <test-method status="SKIP" signature="CrmPro()[pri:0, instance:WM.WMTest@6767c1fc]" name="CrmPro" duration-ms="0" started-at="2020-07-24T14:14:11Z" finished-at="2020-07-24T14:14:11Z">
          <exception class="org.openqa.selenium.SessionNotCreatedException">
            <message>
              <![CDATA[session not created: This version of ChromeDriver only supports Chrome version 85
Build info: version: '3.141.5', revision: 'd54ebd709a', time: '2018-11-06T11:42:16'
System info: host: 'LAPTOP-068F4HI7', ip: '192.168.43.168', os.name: 'Windows 10', os.arch: 'amd64', os.version: '10.0', java.version: '1.8.0_241'
Driver info: driver.version: ChromeDriver
remote stacktrace: Backtrace:
	Ordinal0 [0x00BCC933+3131699]
	Ordinal0 [0x00AB9EC1+2006721]
	Ordinal0 [0x0095AE28+568872]
	Ordinal0 [0x008E13BF+70591]
	Ordinal0 [0x008DCC83+52355]
	Ordinal0 [0x00900E2C+200236]
	Ordinal0 [0x00900C4D+199757]
	Ordinal0 [0x008FEB3B+191291]
	Ordinal0 [0x008E2E97+77463]
	Ordinal0 [0x008E3E5E+81502]
	Ordinal0 [0x008E3DE9+81385]
	Ordinal0 [0x00AD0A79+2099833]
	GetHandleVerifier [0x00D3AC3A+1396666]
	GetHandleVerifier [0x00D3A8B9+1395769]
	GetHandleVerifier [0x00D46536+1444022]
	GetHandleVerifier [0x00D3B1C8+1398088]
	Ordinal0 [0x00AC7D41+2063681]
	Ordinal0 [0x00AD208B+2105483]
	Ordinal0 [0x00AD21B1+2105777]
	Ordinal0 [0x00AE4754+2180948]
	BaseThreadInitThunk [0x766A0419+25]
	RtlGetAppContainerNamedObjectPath [0x772066DD+237]
	RtlGetAppContainerNamedObjectPath [0x772066AD+189]
]]>
            </message>
            <full-stacktrace>
              <![CDATA[org.openqa.selenium.SessionNotCreatedException: session not created: This version of ChromeDriver only supports Chrome version 85
Build info: version: '3.141.5', revision: 'd54ebd709a', time: '2018-11-06T11:42:16'
System info: host: 'LAPTOP-068F4HI7', ip: '192.168.43.168', os.name: 'Windows 10', os.arch: 'amd64', os.version: '10.0', java.version: '1.8.0_241'
Driver info: driver.version: ChromeDriver
remote stacktrace: Backtrace:
	Ordinal0 [0x00BCC933+3131699]
	Ordinal0 [0x00AB9EC1+2006721]
	Ordinal0 [0x0095AE28+568872]
	Ordinal0 [0x008E13BF+70591]
	Ordinal0 [0x008DCC83+52355]
	Ordinal0 [0x00900E2C+200236]
	Ordinal0 [0x00900C4D+199757]
	Ordinal0 [0x008FEB3B+191291]
	Ordinal0 [0x008E2E97+77463]
	Ordinal0 [0x008E3E5E+81502]
	Ordinal0 [0x008E3DE9+81385]
	Ordinal0 [0x00AD0A79+2099833]
	GetHandleVerifier [0x00D3AC3A+1396666]
	GetHandleVerifier [0x00D3A8B9+1395769]
	GetHandleVerifier [0x00D46536+1444022]
	GetHandleVerifier [0x00D3B1C8+1398088]
	Ordinal0 [0x00AC7D41+2063681]
	Ordinal0 [0x00AD208B+2105483]
	Ordinal0 [0x00AD21B1+2105777]
	Ordinal0 [0x00AE4754+2180948]
	BaseThreadInitThunk [0x766A0419+25]
	RtlGetAppContainerNamedObjectPath [0x772066DD+237]
	RtlGetAppContainerNamedObjectPath [0x772066AD+189]

	at sun.reflect.NativeConstructorAccessorImpl.newInstance0(Native Method)
	at sun.reflect.NativeConstructorAccessorImpl.newInstance(Unknown Source)
	at sun.reflect.DelegatingConstructorAccessorImpl.newInstance(Unknown Source)
	at java.lang.reflect.Constructor.newInstance(Unknown Source)
	at org.openqa.selenium.remote.W3CHandshakeResponse.lambda$errorHandler$0(W3CHandshakeResponse.java:62)
	at org.openqa.selenium.remote.HandshakeResponse.lambda$getResponseFunction$0(HandshakeResponse.java:30)
	at org.openqa.selenium.remote.ProtocolHandshake.lambda$createSession$0(ProtocolHandshake.java:123)
	at java.util.stream.ReferencePipeline$3$1.accept(Unknown Source)
	at java.util.Spliterators$ArraySpliterator.tryAdvance(Unknown Source)
	at java.util.stream.ReferencePipeline.forEachWithCancel(Unknown Source)
	at java.util.stream.AbstractPipeline.copyIntoWithCancel(Unknown Source)
	at java.util.stream.AbstractPipeline.copyInto(Unknown Source)
	at java.util.stream.AbstractPipeline.wrapAndCopyInto(Unknown Source)
	at java.util.stream.FindOps$FindOp.evaluateSequential(Unknown Source)
	at java.util.stream.AbstractPipeline.evaluate(Unknown Source)
	at java.util.stream.ReferencePipeline.findFirst(Unknown Source)
	at org.openqa.selenium.remote.ProtocolHandshake.createSession(ProtocolHandshake.java:125)
	at org.openqa.selenium.remote.ProtocolHandshake.createSession(ProtocolHandshake.java:74)
	at org.openqa.selenium.remote.HttpCommandExecutor.execute(HttpCommandExecutor.java:136)
	at org.openqa.selenium.remote.service.DriverCommandExecutor.execute(DriverCommandExecutor.java:83)
	at org.openqa.selenium.remote.RemoteWebDriver.execute(RemoteWebDriver.java:552)
	at org.openqa.selenium.remote.RemoteWebDriver.startSession(RemoteWebDriver.java:213)
	at org.openqa.selenium.remote.RemoteWebDriver.<init>(RemoteWebDriver.java:131)
	at org.openqa.selenium.chrome.ChromeDriver.<init>(ChromeDriver.java:181)
	at org.openqa.selenium.chrome.ChromeDriver.<init>(ChromeDriver.java:168)
	at org.openqa.selenium.chrome.ChromeDriver.<init>(ChromeDriver.java:123)
	at WM.WMTest.setUp(WMTest.java:27)
	at sun.reflect.NativeMethodAccessorImpl.invoke0(Native Method)
	at sun.reflect.NativeMethodAccessorImpl.invoke(Unknown Source)
	at sun.reflect.DelegatingMethodAccessorImpl.invoke(Unknown Source)
	at java.lang.reflect.Method.invoke(Unknown Source)
	at org.testng.internal.MethodInvocationHelper.invokeMethod(MethodInvocationHelper.java:104)
	at org.testng.internal.Invoker.invokeConfigurationMethod(Invoker.java:515)
	at org.testng.internal.Invoker.invokeConfigurations(Invoker.java:217)
	at org.testng.internal.Invoker.invokeMethod(Invoker.java:590)
	at org.testng.internal.Invoker.invokeTestMethod(Invoker.java:851)
	at org.testng.internal.Invoker.invokeTestMethods(Invoker.java:1177)
	at org.testng.internal.TestMethodWorker.invokeTestMethods(TestMethodWorker.java:129)
	at org.testng.internal.TestMethodWorker.run(TestMethodWorker.java:112)
	at org.testng.TestRunner.privateRun(TestRunner.java:756)
	at org.testng.TestRunner.run(TestRunner.java:610)
	at org.testng.SuiteRunner.runTest(SuiteRunner.java:387)
	at org.testng.SuiteRunner.runSequentially(SuiteRunner.java:382)
	at org.testng.SuiteRunner.privateRun(SuiteRunner.java:340)
	at org.testng.SuiteRunner.run(SuiteRunner.java:289)
	at org.testng.SuiteRunnerWorker.runSuite(SuiteRunnerWorker.java:52)
	at org.testng.SuiteRunnerWorker.run(SuiteRunnerWorker.java:86)
	at org.testng.TestNG.runSuitesSequentially(TestNG.java:1293)
	at org.testng.TestNG.runSuitesLocally(TestNG.java:1218)
	at org.testng.TestNG.runSuites(TestNG.java:1133)
	at org.testng.TestNG.run(TestNG.java:1104)
	at org.testng.remote.AbstractRemoteTestNG.run(AbstractRemoteTestNG.java:132)
	at org.testng.remote.RemoteTestNG.initAndRun(RemoteTestNG.java:236)
	at org.testng.remote.RemoteTestNG.main(RemoteTestNG.java:81)
]]>
            </full-stacktrace>
          </exception> <!-- org.openqa.selenium.SessionNotCreatedException -->
          <reporter-output>
          </reporter-output>
        </test-method> <!-- CrmPro -->
        <test-method status="SKIP" signature="tearDown()[pri:0, instance:WM.WMTest@6767c1fc]" name="tearDown" is-config="true" duration-ms="0" started-at="2020-07-24T14:14:11Z" finished-at="2020-07-24T14:14:11Z">
          <reporter-output>
          </reporter-output>
        </test-method> <!-- tearDown -->
      </class> <!-- WM.WMTest -->
    </test> <!-- Default test -->
  </suite> <!-- Default suite -->
</testng-results>
